\BOOKMARK [0][-]{Doc-Start}{Nhim vu lun van}{}% 1
\BOOKMARK [0][-]{Doc-Start}{Phiu chm im bao v LVTN d\340nh cho GVHD}{}% 2
\BOOKMARK [0][-]{Doc-Start}{Phiu chm im bao v LVTN d\340nh cho GVPB}{}% 3
\BOOKMARK [0][-]{Doc-Start}{Li cam n}{}% 4
\BOOKMARK [0][-]{Doc-Start}{T\363m tt}{}% 5
\BOOKMARK [0][-]{Doc-Start}{Muc luc}{}% 6
\BOOKMARK [0][-]{toc.0}{Muc luc}{}% 7
\BOOKMARK [0][-]{chapter*.1}{Danh s\341ch h\354nh ve}{}% 8
\BOOKMARK [0][-]{chapter*.2}{Danh s\341ch bang}{}% 9
\BOOKMARK [0][-]{chapter*.3}{Danh muc t vit tt}{}% 10
\BOOKMARK [0][-]{chapter.1}{Gii thiu tng quan \040t\340i}{}% 11
\BOOKMARK [1][-]{section.1.1}{Motivation and Objectives}{chapter.1}% 12
\BOOKMARK [1][-]{section.1.2}{Contributions}{chapter.1}% 13
\BOOKMARK [1][-]{section.1.3}{Statement of Originality}{chapter.1}% 14
\BOOKMARK [1][-]{section.1.4}{Publications}{chapter.1}% 15
\BOOKMARK [0][-]{chapter.2}{Chapter 2}{}% 16
\BOOKMARK [1][-]{section.2.1}{Section 1}{chapter.2}% 17
\BOOKMARK [1][-]{section.2.2}{Section 2}{chapter.2}% 18
\BOOKMARK [1][-]{section.2.3}{Section 3}{chapter.2}% 19
\BOOKMARK [1][-]{section.2.4}{Section 4}{chapter.2}% 20
\BOOKMARK [0][-]{chapter.3}{Chapter 3}{}% 21
\BOOKMARK [1][-]{section.3.1}{Section 1}{chapter.3}% 22
\BOOKMARK [1][-]{section.3.2}{Section 2}{chapter.3}% 23
\BOOKMARK [1][-]{section.3.3}{Section 3}{chapter.3}% 24
\BOOKMARK [1][-]{section.3.4}{Section 4}{chapter.3}% 25
\BOOKMARK [0][-]{chapter.4}{Chapter 4}{}% 26
\BOOKMARK [1][-]{section.4.1}{Section 1}{chapter.4}% 27
\BOOKMARK [1][-]{section.4.2}{Section 2}{chapter.4}% 28
\BOOKMARK [1][-]{section.4.3}{Section 3}{chapter.4}% 29
\BOOKMARK [1][-]{section.4.4}{Section 4}{chapter.4}% 30
\BOOKMARK [0][-]{chapter.5}{Kt lun v\340 hng ph\341t trin}{}% 31
\BOOKMARK [1][-]{section.5.1}{Summary of Thesis Achievements}{chapter.5}% 32
\BOOKMARK [1][-]{section.5.2}{Applications}{chapter.5}% 33
\BOOKMARK [1][-]{section.5.3}{Future Work}{chapter.5}% 34
\BOOKMARK [0][-]{section.5.3}{T\340i liu tham khao}{}% 35
